<<<<<<< HEAD
/home/veadesh/Agnirath/Agnirath_LVS_Strategy/aarush_ros/install/imu_package/lib/python3.10/site-packages/imu_package/__init__.py
/home/veadesh/Agnirath/Agnirath_LVS_Strategy/aarush_ros/install/imu_package/lib/python3.10/site-packages/imu_package/imu_node.py
/home/veadesh/Agnirath/Agnirath_LVS_Strategy/aarush_ros/install/imu_package/lib/python3.10/site-packages/imu_package/__pycache__/__init__.cpython-310.pyc
/home/veadesh/Agnirath/Agnirath_LVS_Strategy/aarush_ros/install/imu_package/lib/python3.10/site-packages/imu_package/__pycache__/imu_node.cpython-310.pyc
/home/veadesh/Agnirath/Agnirath_LVS_Strategy/aarush_ros/install/imu_package/share/ament_index/resource_index/packages/imu_package
/home/veadesh/Agnirath/Agnirath_LVS_Strategy/aarush_ros/install/imu_package/share/imu_package/package.xml
/home/veadesh/Agnirath/Agnirath_LVS_Strategy/aarush_ros/install/imu_package/lib/python3.10/site-packages/imu_package-0.0.0-py3.10.egg-info/SOURCES.txt
/home/veadesh/Agnirath/Agnirath_LVS_Strategy/aarush_ros/install/imu_package/lib/python3.10/site-packages/imu_package-0.0.0-py3.10.egg-info/PKG-INFO
/home/veadesh/Agnirath/Agnirath_LVS_Strategy/aarush_ros/install/imu_package/lib/python3.10/site-packages/imu_package-0.0.0-py3.10.egg-info/requires.txt
/home/veadesh/Agnirath/Agnirath_LVS_Strategy/aarush_ros/install/imu_package/lib/python3.10/site-packages/imu_package-0.0.0-py3.10.egg-info/entry_points.txt
/home/veadesh/Agnirath/Agnirath_LVS_Strategy/aarush_ros/install/imu_package/lib/python3.10/site-packages/imu_package-0.0.0-py3.10.egg-info/top_level.txt
/home/veadesh/Agnirath/Agnirath_LVS_Strategy/aarush_ros/install/imu_package/lib/python3.10/site-packages/imu_package-0.0.0-py3.10.egg-info/zip-safe
/home/veadesh/Agnirath/Agnirath_LVS_Strategy/aarush_ros/install/imu_package/lib/python3.10/site-packages/imu_package-0.0.0-py3.10.egg-info/dependency_links.txt
/home/veadesh/Agnirath/Agnirath_LVS_Strategy/aarush_ros/install/imu_package/lib/imu_package/imu_node
=======
/home/ubuntu/Agnirath_LVS_Strategy/aarush_ros/install/imu_package/lib/python3.10/site-packages/imu_package/__init__.py
/home/ubuntu/Agnirath_LVS_Strategy/aarush_ros/install/imu_package/lib/python3.10/site-packages/imu_package/imu_node.py
/home/ubuntu/Agnirath_LVS_Strategy/aarush_ros/install/imu_package/lib/python3.10/site-packages/imu_package/__pycache__/__init__.cpython-310.pyc
/home/ubuntu/Agnirath_LVS_Strategy/aarush_ros/install/imu_package/lib/python3.10/site-packages/imu_package/__pycache__/imu_node.cpython-310.pyc
/home/ubuntu/Agnirath_LVS_Strategy/aarush_ros/install/imu_package/share/ament_index/resource_index/packages/imu_package
/home/ubuntu/Agnirath_LVS_Strategy/aarush_ros/install/imu_package/share/imu_package/package.xml
/home/ubuntu/Agnirath_LVS_Strategy/aarush_ros/install/imu_package/lib/python3.10/site-packages/imu_package-0.0.0-py3.10.egg-info/PKG-INFO
/home/ubuntu/Agnirath_LVS_Strategy/aarush_ros/install/imu_package/lib/python3.10/site-packages/imu_package-0.0.0-py3.10.egg-info/dependency_links.txt
/home/ubuntu/Agnirath_LVS_Strategy/aarush_ros/install/imu_package/lib/python3.10/site-packages/imu_package-0.0.0-py3.10.egg-info/entry_points.txt
/home/ubuntu/Agnirath_LVS_Strategy/aarush_ros/install/imu_package/lib/python3.10/site-packages/imu_package-0.0.0-py3.10.egg-info/top_level.txt
/home/ubuntu/Agnirath_LVS_Strategy/aarush_ros/install/imu_package/lib/python3.10/site-packages/imu_package-0.0.0-py3.10.egg-info/requires.txt
/home/ubuntu/Agnirath_LVS_Strategy/aarush_ros/install/imu_package/lib/python3.10/site-packages/imu_package-0.0.0-py3.10.egg-info/zip-safe
/home/ubuntu/Agnirath_LVS_Strategy/aarush_ros/install/imu_package/lib/python3.10/site-packages/imu_package-0.0.0-py3.10.egg-info/SOURCES.txt
/home/ubuntu/Agnirath_LVS_Strategy/aarush_ros/install/imu_package/lib/imu_package/imu_node
>>>>>>> origin/Aarush_ros
