[2.755s] Invoking command in '/home/jaay/Agnirath/Agnirath_LVS_Strategy/aarush_ros/src/mc_package': PYTHONPATH=/home/jaay/Agnirath/Agnirath_LVS_Strategy/aarush_ros/build/mc_package/prefix_override:/home/jaay/Agnirath/Agnirath_LVS_Strategy/aarush_ros/install/mc_package/lib/python3.10/site-packages:${PYTHONPATH} /usr/bin/python3 setup.py egg_info --egg-base ../../build/mc_package build --build-base /home/jaay/Agnirath/Agnirath_LVS_Strategy/aarush_ros/build/mc_package/build install --record /home/jaay/Agnirath/Agnirath_LVS_Strategy/aarush_ros/build/mc_package/install.log --single-version-externally-managed
[2.992s] running egg_info
[2.992s] writing ../../build/mc_package/mc_package.egg-info/PKG-INFO
[2.993s] writing dependency_links to ../../build/mc_package/mc_package.egg-info/dependency_links.txt
[2.993s] writing entry points to ../../build/mc_package/mc_package.egg-info/entry_points.txt
[2.993s] writing requirements to ../../build/mc_package/mc_package.egg-info/requires.txt
[2.993s] writing top-level names to ../../build/mc_package/mc_package.egg-info/top_level.txt
[2.994s] reading manifest file '../../build/mc_package/mc_package.egg-info/SOURCES.txt'
[2.994s] adding license file 'LICENSE'
[2.995s] writing manifest file '../../build/mc_package/mc_package.egg-info/SOURCES.txt'
[2.995s] running build
[2.995s] running build_py
[2.995s] running install
[2.995s] /usr/lib/python3/dist-packages/setuptools/command/install.py:34: SetuptoolsDeprecationWarning: setup.py install is deprecated. Use build and pip and other standards-based tools.
[2.996s]   warnings.warn(
[2.996s] running install_lib
[2.997s] running install_data
[2.998s] running install_egg_info
[2.999s] removing '/home/jaay/Agnirath/Agnirath_LVS_Strategy/aarush_ros/install/mc_package/lib/python3.10/site-packages/mc_package-0.0.0-py3.10.egg-info' (and everything under it)
[2.999s] Copying ../../build/mc_package/mc_package.egg-info to /home/jaay/Agnirath/Agnirath_LVS_Strategy/aarush_ros/install/mc_package/lib/python3.10/site-packages/mc_package-0.0.0-py3.10.egg-info
[3.000s] running install_scripts
[3.019s] Installing mc_node script to /home/jaay/Agnirath/Agnirath_LVS_Strategy/aarush_ros/install/mc_package/lib/mc_package
[3.019s] writing list of installed files to '/home/jaay/Agnirath/Agnirath_LVS_Strategy/aarush_ros/build/mc_package/install.log'
[3.059s] Invoked command in '/home/jaay/Agnirath/Agnirath_LVS_Strategy/aarush_ros/src/mc_package' returned '0': PYTHONPATH=/home/jaay/Agnirath/Agnirath_LVS_Strategy/aarush_ros/build/mc_package/prefix_override:/home/jaay/Agnirath/Agnirath_LVS_Strategy/aarush_ros/install/mc_package/lib/python3.10/site-packages:${PYTHONPATH} /usr/bin/python3 setup.py egg_info --egg-base ../../build/mc_package build --build-base /home/jaay/Agnirath/Agnirath_LVS_Strategy/aarush_ros/build/mc_package/build install --record /home/jaay/Agnirath/Agnirath_LVS_Strategy/aarush_ros/build/mc_package/install.log --single-version-externally-managed
