[2.806s] Invoking command in '/home/jaay/Agnirath/Agnirath_LVS_Strategy/aarush_ros/src/rf_package': PYTHONPATH=/home/jaay/Agnirath/Agnirath_LVS_Strategy/aarush_ros/build/rf_package/prefix_override:/home/jaay/Agnirath/Agnirath_LVS_Strategy/aarush_ros/install/rf_package/lib/python3.10/site-packages:${PYTHONPATH} /usr/bin/python3 setup.py egg_info --egg-base ../../build/rf_package build --build-base /home/jaay/Agnirath/Agnirath_LVS_Strategy/aarush_ros/build/rf_package/build install --record /home/jaay/Agnirath/Agnirath_LVS_Strategy/aarush_ros/build/rf_package/install.log --single-version-externally-managed
[3.138s] running egg_info
[3.139s] writing ../../build/rf_package/rf_package.egg-info/PKG-INFO
[3.139s] writing dependency_links to ../../build/rf_package/rf_package.egg-info/dependency_links.txt
[3.140s] writing entry points to ../../build/rf_package/rf_package.egg-info/entry_points.txt
[3.140s] writing requirements to ../../build/rf_package/rf_package.egg-info/requires.txt
[3.140s] writing top-level names to ../../build/rf_package/rf_package.egg-info/top_level.txt
[3.142s] reading manifest file '../../build/rf_package/rf_package.egg-info/SOURCES.txt'
[3.142s] adding license file 'LICENSE'
[3.143s] writing manifest file '../../build/rf_package/rf_package.egg-info/SOURCES.txt'
[3.143s] running build
[3.143s] running build_py
[3.144s] running install
[3.144s] /usr/lib/python3/dist-packages/setuptools/command/install.py:34: SetuptoolsDeprecationWarning: setup.py install is deprecated. Use build and pip and other standards-based tools.
[3.144s]   warnings.warn(
[3.144s] running install_lib
[3.146s] running install_data
[3.147s] running install_egg_info
[3.150s] removing '/home/jaay/Agnirath/Agnirath_LVS_Strategy/aarush_ros/install/rf_package/lib/python3.10/site-packages/rf_package-0.0.0-py3.10.egg-info' (and everything under it)
[3.150s] Copying ../../build/rf_package/rf_package.egg-info to /home/jaay/Agnirath/Agnirath_LVS_Strategy/aarush_ros/install/rf_package/lib/python3.10/site-packages/rf_package-0.0.0-py3.10.egg-info
[3.151s] running install_scripts
[3.183s] Installing rf_node script to /home/jaay/Agnirath/Agnirath_LVS_Strategy/aarush_ros/install/rf_package/lib/rf_package
[3.183s] writing list of installed files to '/home/jaay/Agnirath/Agnirath_LVS_Strategy/aarush_ros/build/rf_package/install.log'
[3.252s] Invoked command in '/home/jaay/Agnirath/Agnirath_LVS_Strategy/aarush_ros/src/rf_package' returned '0': PYTHONPATH=/home/jaay/Agnirath/Agnirath_LVS_Strategy/aarush_ros/build/rf_package/prefix_override:/home/jaay/Agnirath/Agnirath_LVS_Strategy/aarush_ros/install/rf_package/lib/python3.10/site-packages:${PYTHONPATH} /usr/bin/python3 setup.py egg_info --egg-base ../../build/rf_package build --build-base /home/jaay/Agnirath/Agnirath_LVS_Strategy/aarush_ros/build/rf_package/build install --record /home/jaay/Agnirath/Agnirath_LVS_Strategy/aarush_ros/build/rf_package/install.log --single-version-externally-managed
