[2.151s] Invoking command in '/home/ubuntu/Agnirath_LVS_Strategy/aarush_ros/src/can_package': PYTHONPATH=/home/ubuntu/Agnirath_LVS_Strategy/aarush_ros/src/can_package/build/can_package/prefix_override:/home/ubuntu/Agnirath_LVS_Strategy/aarush_ros/src/can_package/install/can_package/lib/python3.10/site-packages:${PYTHONPATH} /usr/bin/python3 setup.py egg_info --egg-base build/can_package build --build-base /home/ubuntu/Agnirath_LVS_Strategy/aarush_ros/src/can_package/build/can_package/build install --record /home/ubuntu/Agnirath_LVS_Strategy/aarush_ros/src/can_package/build/can_package/install.log --single-version-externally-managed
[3.000s] running egg_info
[3.003s] writing build/can_package/can_package.egg-info/PKG-INFO
[3.004s] writing dependency_links to build/can_package/can_package.egg-info/dependency_links.txt
[3.005s] writing entry points to build/can_package/can_package.egg-info/entry_points.txt
[3.005s] writing requirements to build/can_package/can_package.egg-info/requires.txt
[3.006s] writing top-level names to build/can_package/can_package.egg-info/top_level.txt
[3.014s] reading manifest file 'build/can_package/can_package.egg-info/SOURCES.txt'
[3.015s] adding license file 'LICENSE'
[3.019s] writing manifest file 'build/can_package/can_package.egg-info/SOURCES.txt'
[3.019s] running build
[3.020s] running build_py
[3.023s] running install
[3.023s] /usr/lib/python3/dist-packages/setuptools/command/install.py:34: SetuptoolsDeprecationWarning: setup.py install is deprecated. Use build and pip and other standards-based tools.
[3.024s]   warnings.warn(
[3.024s] running install_lib
[3.030s] byte-compiling /home/ubuntu/Agnirath_LVS_Strategy/aarush_ros/src/can_package/install/can_package/lib/python3.10/site-packages/can_package/mc_can_data_pkt.py to mc_can_data_pkt.cpython-310.pyc
[3.031s] byte-compiling /home/ubuntu/Agnirath_LVS_Strategy/aarush_ros/src/can_package/install/can_package/lib/python3.10/site-packages/can_package/py_tools_test.py to py_tools_test.cpython-310.pyc
[3.033s] byte-compiling /home/ubuntu/Agnirath_LVS_Strategy/aarush_ros/src/can_package/install/can_package/lib/python3.10/site-packages/can_package/can_rx_node.py to can_rx_node.cpython-310.pyc
[3.035s] running install_data
[3.037s] running install_egg_info
[3.043s] removing '/home/ubuntu/Agnirath_LVS_Strategy/aarush_ros/src/can_package/install/can_package/lib/python3.10/site-packages/can_package-0.0.0-py3.10.egg-info' (and everything under it)
[3.044s] Copying build/can_package/can_package.egg-info to /home/ubuntu/Agnirath_LVS_Strategy/aarush_ros/src/can_package/install/can_package/lib/python3.10/site-packages/can_package-0.0.0-py3.10.egg-info
[3.047s] running install_scripts
[3.121s] Installing can_node_sim script to /home/ubuntu/Agnirath_LVS_Strategy/aarush_ros/src/can_package/install/can_package/lib/can_package
[3.122s] Installing can_rx_node script to /home/ubuntu/Agnirath_LVS_Strategy/aarush_ros/src/can_package/install/can_package/lib/can_package
[3.123s] Installing can_rx_node_dup script to /home/ubuntu/Agnirath_LVS_Strategy/aarush_ros/src/can_package/install/can_package/lib/can_package
[3.123s] Installing can_tx_node script to /home/ubuntu/Agnirath_LVS_Strategy/aarush_ros/src/can_package/install/can_package/lib/can_package
[3.126s] writing list of installed files to '/home/ubuntu/Agnirath_LVS_Strategy/aarush_ros/src/can_package/build/can_package/install.log'
[3.246s] Invoked command in '/home/ubuntu/Agnirath_LVS_Strategy/aarush_ros/src/can_package' returned '0': PYTHONPATH=/home/ubuntu/Agnirath_LVS_Strategy/aarush_ros/src/can_package/build/can_package/prefix_override:/home/ubuntu/Agnirath_LVS_Strategy/aarush_ros/src/can_package/install/can_package/lib/python3.10/site-packages:${PYTHONPATH} /usr/bin/python3 setup.py egg_info --egg-base build/can_package build --build-base /home/ubuntu/Agnirath_LVS_Strategy/aarush_ros/src/can_package/build/can_package/build install --record /home/ubuntu/Agnirath_LVS_Strategy/aarush_ros/src/can_package/build/can_package/install.log --single-version-externally-managed
