[2.774s] Invoking command in '/home/jaay/Agnirath/Agnirath_LVS_Strategy/aarush_ros/src/can_package': PYTHONPATH=/home/jaay/Agnirath/Agnirath_LVS_Strategy/aarush_ros/build/can_package/prefix_override:/home/jaay/Agnirath/Agnirath_LVS_Strategy/aarush_ros/install/can_package/lib/python3.10/site-packages:${PYTHONPATH} /usr/bin/python3 setup.py egg_info --egg-base ../../build/can_package build --build-base /home/jaay/Agnirath/Agnirath_LVS_Strategy/aarush_ros/build/can_package/build install --record /home/jaay/Agnirath/Agnirath_LVS_Strategy/aarush_ros/build/can_package/install.log --single-version-externally-managed
[3.112s] running egg_info
[3.113s] writing ../../build/can_package/can_package.egg-info/PKG-INFO
[3.113s] writing dependency_links to ../../build/can_package/can_package.egg-info/dependency_links.txt
[3.113s] writing entry points to ../../build/can_package/can_package.egg-info/entry_points.txt
[3.113s] writing requirements to ../../build/can_package/can_package.egg-info/requires.txt
[3.113s] writing top-level names to ../../build/can_package/can_package.egg-info/top_level.txt
[3.113s] reading manifest file '../../build/can_package/can_package.egg-info/SOURCES.txt'
[3.113s] adding license file 'LICENSE'
[3.117s] writing manifest file '../../build/can_package/can_package.egg-info/SOURCES.txt'
[3.118s] running build
[3.118s] running build_py
[3.118s] running install
[3.118s] /usr/lib/python3/dist-packages/setuptools/command/install.py:34: SetuptoolsDeprecationWarning: setup.py install is deprecated. Use build and pip and other standards-based tools.
[3.118s]   warnings.warn(
[3.120s] running install_lib
[3.121s] running install_data
[3.121s] running install_egg_info
[3.122s] removing '/home/jaay/Agnirath/Agnirath_LVS_Strategy/aarush_ros/install/can_package/lib/python3.10/site-packages/can_package-0.0.0-py3.10.egg-info' (and everything under it)
[3.122s] Copying ../../build/can_package/can_package.egg-info to /home/jaay/Agnirath/Agnirath_LVS_Strategy/aarush_ros/install/can_package/lib/python3.10/site-packages/can_package-0.0.0-py3.10.egg-info
[3.122s] running install_scripts
[3.143s] Installing can_node_sim script to /home/jaay/Agnirath/Agnirath_LVS_Strategy/aarush_ros/install/can_package/lib/can_package
[3.143s] Installing can_rx_nod_v3 script to /home/jaay/Agnirath/Agnirath_LVS_Strategy/aarush_ros/install/can_package/lib/can_package
[3.144s] Installing can_rx_node script to /home/jaay/Agnirath/Agnirath_LVS_Strategy/aarush_ros/install/can_package/lib/can_package
[3.144s] Installing can_tx_node script to /home/jaay/Agnirath/Agnirath_LVS_Strategy/aarush_ros/install/can_package/lib/can_package
[3.144s] writing list of installed files to '/home/jaay/Agnirath/Agnirath_LVS_Strategy/aarush_ros/build/can_package/install.log'
[3.207s] Invoked command in '/home/jaay/Agnirath/Agnirath_LVS_Strategy/aarush_ros/src/can_package' returned '0': PYTHONPATH=/home/jaay/Agnirath/Agnirath_LVS_Strategy/aarush_ros/build/can_package/prefix_override:/home/jaay/Agnirath/Agnirath_LVS_Strategy/aarush_ros/install/can_package/lib/python3.10/site-packages:${PYTHONPATH} /usr/bin/python3 setup.py egg_info --egg-base ../../build/can_package build --build-base /home/jaay/Agnirath/Agnirath_LVS_Strategy/aarush_ros/build/can_package/build install --record /home/jaay/Agnirath/Agnirath_LVS_Strategy/aarush_ros/build/can_package/install.log --single-version-externally-managed
