[2.761s] Invoking command in '/home/jaay/Agnirath/Agnirath_LVS_Strategy/aarush_ros/src/mppt_package': PYTHONPATH=/home/jaay/Agnirath/Agnirath_LVS_Strategy/aarush_ros/build/mppt_package/prefix_override:/home/jaay/Agnirath/Agnirath_LVS_Strategy/aarush_ros/install/mppt_package/lib/python3.10/site-packages:${PYTHONPATH} /usr/bin/python3 setup.py egg_info --egg-base ../../build/mppt_package build --build-base /home/jaay/Agnirath/Agnirath_LVS_Strategy/aarush_ros/build/mppt_package/build install --record /home/jaay/Agnirath/Agnirath_LVS_Strategy/aarush_ros/build/mppt_package/install.log --single-version-externally-managed
[3.084s] running egg_info
[3.085s] writing ../../build/mppt_package/mppt_package.egg-info/PKG-INFO
[3.085s] writing dependency_links to ../../build/mppt_package/mppt_package.egg-info/dependency_links.txt
[3.085s] writing entry points to ../../build/mppt_package/mppt_package.egg-info/entry_points.txt
[3.085s] writing requirements to ../../build/mppt_package/mppt_package.egg-info/requires.txt
[3.085s] writing top-level names to ../../build/mppt_package/mppt_package.egg-info/top_level.txt
[3.089s] reading manifest file '../../build/mppt_package/mppt_package.egg-info/SOURCES.txt'
[3.089s] adding license file 'LICENSE'
[3.090s] writing manifest file '../../build/mppt_package/mppt_package.egg-info/SOURCES.txt'
[3.090s] running build
[3.090s] running build_py
[3.091s] running install
[3.091s] /usr/lib/python3/dist-packages/setuptools/command/install.py:34: SetuptoolsDeprecationWarning: setup.py install is deprecated. Use build and pip and other standards-based tools.
[3.091s]   warnings.warn(
[3.092s] running install_lib
[3.093s] running install_data
[3.094s] running install_egg_info
[3.097s] removing '/home/jaay/Agnirath/Agnirath_LVS_Strategy/aarush_ros/install/mppt_package/lib/python3.10/site-packages/mppt_package-0.0.0-py3.10.egg-info' (and everything under it)
[3.097s] Copying ../../build/mppt_package/mppt_package.egg-info to /home/jaay/Agnirath/Agnirath_LVS_Strategy/aarush_ros/install/mppt_package/lib/python3.10/site-packages/mppt_package-0.0.0-py3.10.egg-info
[3.098s] running install_scripts
[3.128s] Installing mppt_node script to /home/jaay/Agnirath/Agnirath_LVS_Strategy/aarush_ros/install/mppt_package/lib/mppt_package
[3.129s] writing list of installed files to '/home/jaay/Agnirath/Agnirath_LVS_Strategy/aarush_ros/build/mppt_package/install.log'
[3.194s] Invoked command in '/home/jaay/Agnirath/Agnirath_LVS_Strategy/aarush_ros/src/mppt_package' returned '0': PYTHONPATH=/home/jaay/Agnirath/Agnirath_LVS_Strategy/aarush_ros/build/mppt_package/prefix_override:/home/jaay/Agnirath/Agnirath_LVS_Strategy/aarush_ros/install/mppt_package/lib/python3.10/site-packages:${PYTHONPATH} /usr/bin/python3 setup.py egg_info --egg-base ../../build/mppt_package build --build-base /home/jaay/Agnirath/Agnirath_LVS_Strategy/aarush_ros/build/mppt_package/build install --record /home/jaay/Agnirath/Agnirath_LVS_Strategy/aarush_ros/build/mppt_package/install.log --single-version-externally-managed
