[2.612s] Invoking command in '/home/jaay/Agnirath/Agnirath_LVS_Strategy/aarush_ros/src/main_package': PYTHONPATH=/home/jaay/Agnirath/Agnirath_LVS_Strategy/aarush_ros/build/main_package/prefix_override:/home/jaay/Agnirath/Agnirath_LVS_Strategy/aarush_ros/install/main_package/lib/python3.10/site-packages:${PYTHONPATH} /usr/bin/python3 setup.py egg_info --egg-base ../../build/main_package build --build-base /home/jaay/Agnirath/Agnirath_LVS_Strategy/aarush_ros/build/main_package/build install --record /home/jaay/Agnirath/Agnirath_LVS_Strategy/aarush_ros/build/main_package/install.log --single-version-externally-managed
[2.848s] running egg_info
[2.849s] writing ../../build/main_package/main_package.egg-info/PKG-INFO
[2.849s] writing dependency_links to ../../build/main_package/main_package.egg-info/dependency_links.txt
[2.849s] writing entry points to ../../build/main_package/main_package.egg-info/entry_points.txt
[2.850s] writing requirements to ../../build/main_package/main_package.egg-info/requires.txt
[2.850s] writing top-level names to ../../build/main_package/main_package.egg-info/top_level.txt
[2.852s] reading manifest file '../../build/main_package/main_package.egg-info/SOURCES.txt'
[2.852s] adding license file 'LICENSE'
[2.853s] writing manifest file '../../build/main_package/main_package.egg-info/SOURCES.txt'
[2.853s] running build
[2.853s] running build_py
[2.853s] running install
[2.853s] running install_lib
[2.855s] running install_data
[2.855s] running install_egg_info
[2.857s] removing '/home/jaay/Agnirath/Agnirath_LVS_Strategy/aarush_ros/install/main_package/lib/python3.10/site-packages/main_package-0.0.0-py3.10.egg-info' (and everything under it)
[2.857s] Copying ../../build/main_package/main_package.egg-info to /home/jaay/Agnirath/Agnirath_LVS_Strategy/aarush_ros/install/main_package/lib/python3.10/site-packages/main_package-0.0.0-py3.10.egg-info
[2.858s] running install_scripts
[2.876s] Installing main_node script to /home/jaay/Agnirath/Agnirath_LVS_Strategy/aarush_ros/install/main_package/lib/main_package
[2.877s] writing list of installed files to '/home/jaay/Agnirath/Agnirath_LVS_Strategy/aarush_ros/build/main_package/install.log'
[2.933s] Invoked command in '/home/jaay/Agnirath/Agnirath_LVS_Strategy/aarush_ros/src/main_package' returned '0': PYTHONPATH=/home/jaay/Agnirath/Agnirath_LVS_Strategy/aarush_ros/build/main_package/prefix_override:/home/jaay/Agnirath/Agnirath_LVS_Strategy/aarush_ros/install/main_package/lib/python3.10/site-packages:${PYTHONPATH} /usr/bin/python3 setup.py egg_info --egg-base ../../build/main_package build --build-base /home/jaay/Agnirath/Agnirath_LVS_Strategy/aarush_ros/build/main_package/build install --record /home/jaay/Agnirath/Agnirath_LVS_Strategy/aarush_ros/build/main_package/install.log --single-version-externally-managed
