<<<<<<< HEAD
/home/veadesh/Agnirath/Agnirath_LVS_Strategy/aarush_ros/install/mc_package/lib/python3.10/site-packages/mc_package/mc_node.py
/home/veadesh/Agnirath/Agnirath_LVS_Strategy/aarush_ros/install/mc_package/lib/python3.10/site-packages/mc_package/__init__.py
/home/veadesh/Agnirath/Agnirath_LVS_Strategy/aarush_ros/install/mc_package/lib/python3.10/site-packages/mc_package/__pycache__/mc_node.cpython-310.pyc
/home/veadesh/Agnirath/Agnirath_LVS_Strategy/aarush_ros/install/mc_package/lib/python3.10/site-packages/mc_package/__pycache__/__init__.cpython-310.pyc
/home/veadesh/Agnirath/Agnirath_LVS_Strategy/aarush_ros/install/mc_package/share/ament_index/resource_index/packages/mc_package
/home/veadesh/Agnirath/Agnirath_LVS_Strategy/aarush_ros/install/mc_package/share/mc_package/package.xml
/home/veadesh/Agnirath/Agnirath_LVS_Strategy/aarush_ros/install/mc_package/lib/python3.10/site-packages/mc_package-0.0.0-py3.10.egg-info/SOURCES.txt
/home/veadesh/Agnirath/Agnirath_LVS_Strategy/aarush_ros/install/mc_package/lib/python3.10/site-packages/mc_package-0.0.0-py3.10.egg-info/PKG-INFO
/home/veadesh/Agnirath/Agnirath_LVS_Strategy/aarush_ros/install/mc_package/lib/python3.10/site-packages/mc_package-0.0.0-py3.10.egg-info/requires.txt
/home/veadesh/Agnirath/Agnirath_LVS_Strategy/aarush_ros/install/mc_package/lib/python3.10/site-packages/mc_package-0.0.0-py3.10.egg-info/entry_points.txt
/home/veadesh/Agnirath/Agnirath_LVS_Strategy/aarush_ros/install/mc_package/lib/python3.10/site-packages/mc_package-0.0.0-py3.10.egg-info/top_level.txt
/home/veadesh/Agnirath/Agnirath_LVS_Strategy/aarush_ros/install/mc_package/lib/python3.10/site-packages/mc_package-0.0.0-py3.10.egg-info/zip-safe
/home/veadesh/Agnirath/Agnirath_LVS_Strategy/aarush_ros/install/mc_package/lib/python3.10/site-packages/mc_package-0.0.0-py3.10.egg-info/dependency_links.txt
/home/veadesh/Agnirath/Agnirath_LVS_Strategy/aarush_ros/install/mc_package/lib/mc_package/mc_node
=======
/home/ubuntu/Agnirath_LVS_Strategy/aarush_ros/install/mc_package/lib/python3.10/site-packages/mc_package/__init__.py
/home/ubuntu/Agnirath_LVS_Strategy/aarush_ros/install/mc_package/lib/python3.10/site-packages/mc_package/mc_node.py
/home/ubuntu/Agnirath_LVS_Strategy/aarush_ros/install/mc_package/lib/python3.10/site-packages/mc_package/__pycache__/__init__.cpython-310.pyc
/home/ubuntu/Agnirath_LVS_Strategy/aarush_ros/install/mc_package/lib/python3.10/site-packages/mc_package/__pycache__/mc_node.cpython-310.pyc
/home/ubuntu/Agnirath_LVS_Strategy/aarush_ros/install/mc_package/share/ament_index/resource_index/packages/mc_package
/home/ubuntu/Agnirath_LVS_Strategy/aarush_ros/install/mc_package/share/mc_package/package.xml
/home/ubuntu/Agnirath_LVS_Strategy/aarush_ros/install/mc_package/lib/python3.10/site-packages/mc_package-0.0.0-py3.10.egg-info/PKG-INFO
/home/ubuntu/Agnirath_LVS_Strategy/aarush_ros/install/mc_package/lib/python3.10/site-packages/mc_package-0.0.0-py3.10.egg-info/dependency_links.txt
/home/ubuntu/Agnirath_LVS_Strategy/aarush_ros/install/mc_package/lib/python3.10/site-packages/mc_package-0.0.0-py3.10.egg-info/entry_points.txt
/home/ubuntu/Agnirath_LVS_Strategy/aarush_ros/install/mc_package/lib/python3.10/site-packages/mc_package-0.0.0-py3.10.egg-info/top_level.txt
/home/ubuntu/Agnirath_LVS_Strategy/aarush_ros/install/mc_package/lib/python3.10/site-packages/mc_package-0.0.0-py3.10.egg-info/requires.txt
/home/ubuntu/Agnirath_LVS_Strategy/aarush_ros/install/mc_package/lib/python3.10/site-packages/mc_package-0.0.0-py3.10.egg-info/zip-safe
/home/ubuntu/Agnirath_LVS_Strategy/aarush_ros/install/mc_package/lib/python3.10/site-packages/mc_package-0.0.0-py3.10.egg-info/SOURCES.txt
/home/ubuntu/Agnirath_LVS_Strategy/aarush_ros/install/mc_package/lib/mc_package/mc_node
>>>>>>> origin/Aarush_ros
