[2.170s] Invoking command in '/home/ubuntu/Agnirath_LVS_Strategy/aarush_ros/src/my_package': PYTHONPATH=/home/ubuntu/Agnirath_LVS_Strategy/aarush_ros/src/build/my_package/prefix_override:/home/ubuntu/Agnirath_LVS_Strategy/aarush_ros/src/install/my_package/lib/python3.10/site-packages:${PYTHONPATH} /usr/bin/python3 setup.py egg_info --egg-base ../build/my_package build --build-base /home/ubuntu/Agnirath_LVS_Strategy/aarush_ros/src/build/my_package/build install --record /home/ubuntu/Agnirath_LVS_Strategy/aarush_ros/src/build/my_package/install.log --single-version-externally-managed
[3.007s] running egg_info
[3.009s] creating ../build/my_package/my_package.egg-info
[3.010s] writing ../build/my_package/my_package.egg-info/PKG-INFO
[3.011s] writing dependency_links to ../build/my_package/my_package.egg-info/dependency_links.txt
[3.012s] writing entry points to ../build/my_package/my_package.egg-info/entry_points.txt
[3.012s] writing requirements to ../build/my_package/my_package.egg-info/requires.txt
[3.013s] writing top-level names to ../build/my_package/my_package.egg-info/top_level.txt
[3.013s] writing manifest file '../build/my_package/my_package.egg-info/SOURCES.txt'
[3.021s] reading manifest file '../build/my_package/my_package.egg-info/SOURCES.txt'
[3.021s] adding license file 'LICENSE'
[3.024s] writing manifest file '../build/my_package/my_package.egg-info/SOURCES.txt'
[3.024s] running build
[3.025s] running build_py
[3.026s] creating /home/ubuntu/Agnirath_LVS_Strategy/aarush_ros/src/build/my_package/build
[3.026s] creating /home/ubuntu/Agnirath_LVS_Strategy/aarush_ros/src/build/my_package/build/lib
[3.027s] creating /home/ubuntu/Agnirath_LVS_Strategy/aarush_ros/src/build/my_package/build/lib/my_package
[3.028s] copying my_package/__init__.py -> /home/ubuntu/Agnirath_LVS_Strategy/aarush_ros/src/build/my_package/build/lib/my_package
[3.028s] copying my_package/my_node.py -> /home/ubuntu/Agnirath_LVS_Strategy/aarush_ros/src/build/my_package/build/lib/my_package
[3.029s] running install
[3.029s] /usr/lib/python3/dist-packages/setuptools/command/install.py:34: SetuptoolsDeprecationWarning: setup.py install is deprecated. Use build and pip and other standards-based tools.
[3.029s]   warnings.warn(
[3.030s] running install_lib
[3.032s] creating /home/ubuntu/Agnirath_LVS_Strategy/aarush_ros/src/install/my_package/lib/python3.10/site-packages/my_package
[3.033s] copying /home/ubuntu/Agnirath_LVS_Strategy/aarush_ros/src/build/my_package/build/lib/my_package/__init__.py -> /home/ubuntu/Agnirath_LVS_Strategy/aarush_ros/src/install/my_package/lib/python3.10/site-packages/my_package
[3.033s] copying /home/ubuntu/Agnirath_LVS_Strategy/aarush_ros/src/build/my_package/build/lib/my_package/my_node.py -> /home/ubuntu/Agnirath_LVS_Strategy/aarush_ros/src/install/my_package/lib/python3.10/site-packages/my_package
[3.035s] byte-compiling /home/ubuntu/Agnirath_LVS_Strategy/aarush_ros/src/install/my_package/lib/python3.10/site-packages/my_package/__init__.py to __init__.cpython-310.pyc
[3.036s] byte-compiling /home/ubuntu/Agnirath_LVS_Strategy/aarush_ros/src/install/my_package/lib/python3.10/site-packages/my_package/my_node.py to my_node.cpython-310.pyc
[3.036s] running install_data
[3.039s] creating /home/ubuntu/Agnirath_LVS_Strategy/aarush_ros/src/install/my_package/share/ament_index
[3.040s] creating /home/ubuntu/Agnirath_LVS_Strategy/aarush_ros/src/install/my_package/share/ament_index/resource_index
[3.040s] creating /home/ubuntu/Agnirath_LVS_Strategy/aarush_ros/src/install/my_package/share/ament_index/resource_index/packages
[3.041s] copying resource/my_package -> /home/ubuntu/Agnirath_LVS_Strategy/aarush_ros/src/install/my_package/share/ament_index/resource_index/packages
[3.041s] copying package.xml -> /home/ubuntu/Agnirath_LVS_Strategy/aarush_ros/src/install/my_package/share/my_package
[3.041s] running install_egg_info
[3.046s] Copying ../build/my_package/my_package.egg-info to /home/ubuntu/Agnirath_LVS_Strategy/aarush_ros/src/install/my_package/lib/python3.10/site-packages/my_package-0.0.0-py3.10.egg-info
[3.049s] running install_scripts
[3.137s] Installing my_node script to /home/ubuntu/Agnirath_LVS_Strategy/aarush_ros/src/install/my_package/lib/my_package
[3.137s] writing list of installed files to '/home/ubuntu/Agnirath_LVS_Strategy/aarush_ros/src/build/my_package/install.log'
[3.258s] Invoked command in '/home/ubuntu/Agnirath_LVS_Strategy/aarush_ros/src/my_package' returned '0': PYTHONPATH=/home/ubuntu/Agnirath_LVS_Strategy/aarush_ros/src/build/my_package/prefix_override:/home/ubuntu/Agnirath_LVS_Strategy/aarush_ros/src/install/my_package/lib/python3.10/site-packages:${PYTHONPATH} /usr/bin/python3 setup.py egg_info --egg-base ../build/my_package build --build-base /home/ubuntu/Agnirath_LVS_Strategy/aarush_ros/src/build/my_package/build install --record /home/ubuntu/Agnirath_LVS_Strategy/aarush_ros/src/build/my_package/install.log --single-version-externally-managed
