[2.690s] Invoking command in '/home/jaay/Agnirath/Agnirath_LVS_Strategy/aarush_ros/src/rf_package': PYTHONPATH=/home/jaay/Agnirath/Agnirath_LVS_Strategy/aarush_ros/build/rf_package/prefix_override:/home/jaay/Agnirath/Agnirath_LVS_Strategy/aarush_ros/install/rf_package/lib/python3.10/site-packages:${PYTHONPATH} /usr/bin/python3 setup.py egg_info --egg-base ../../build/rf_package build --build-base /home/jaay/Agnirath/Agnirath_LVS_Strategy/aarush_ros/build/rf_package/build install --record /home/jaay/Agnirath/Agnirath_LVS_Strategy/aarush_ros/build/rf_package/install.log --single-version-externally-managed
[2.858s] running egg_info
[2.859s] writing ../../build/rf_package/rf_package.egg-info/PKG-INFO
[2.859s] writing dependency_links to ../../build/rf_package/rf_package.egg-info/dependency_links.txt
[2.859s] writing entry points to ../../build/rf_package/rf_package.egg-info/entry_points.txt
[2.859s] writing requirements to ../../build/rf_package/rf_package.egg-info/requires.txt
[2.859s] writing top-level names to ../../build/rf_package/rf_package.egg-info/top_level.txt
[2.860s] reading manifest file '../../build/rf_package/rf_package.egg-info/SOURCES.txt'
[2.860s] adding license file 'LICENSE'
[2.860s] writing manifest file '../../build/rf_package/rf_package.egg-info/SOURCES.txt'
[2.860s] running build
[2.860s] running build_py
[2.860s] /usr/lib/python3/dist-packages/setuptools/command/install.py:34: SetuptoolsDeprecationWarning: setup.py install is deprecated. Use build and pip and other standards-based tools.
[2.860s]   warnings.warn(
[2.860s] running install
[2.860s] running install_lib
[2.861s] running install_data
[2.865s] running install_egg_info
[2.865s] removing '/home/jaay/Agnirath/Agnirath_LVS_Strategy/aarush_ros/install/rf_package/lib/python3.10/site-packages/rf_package-0.0.0-py3.10.egg-info' (and everything under it)
[2.865s] Copying ../../build/rf_package/rf_package.egg-info to /home/jaay/Agnirath/Agnirath_LVS_Strategy/aarush_ros/install/rf_package/lib/python3.10/site-packages/rf_package-0.0.0-py3.10.egg-info
[2.865s] running install_scripts
[2.884s] Installing rf_node script to /home/jaay/Agnirath/Agnirath_LVS_Strategy/aarush_ros/install/rf_package/lib/rf_package
[2.884s] writing list of installed files to '/home/jaay/Agnirath/Agnirath_LVS_Strategy/aarush_ros/build/rf_package/install.log'
[2.933s] Invoked command in '/home/jaay/Agnirath/Agnirath_LVS_Strategy/aarush_ros/src/rf_package' returned '0': PYTHONPATH=/home/jaay/Agnirath/Agnirath_LVS_Strategy/aarush_ros/build/rf_package/prefix_override:/home/jaay/Agnirath/Agnirath_LVS_Strategy/aarush_ros/install/rf_package/lib/python3.10/site-packages:${PYTHONPATH} /usr/bin/python3 setup.py egg_info --egg-base ../../build/rf_package build --build-base /home/jaay/Agnirath/Agnirath_LVS_Strategy/aarush_ros/build/rf_package/build install --record /home/jaay/Agnirath/Agnirath_LVS_Strategy/aarush_ros/build/rf_package/install.log --single-version-externally-managed
