[2.791s] Invoking command in '/home/jaay/Agnirath/Agnirath_LVS_Strategy/aarush_ros/src/mppt_package': PYTHONPATH=/home/jaay/Agnirath/Agnirath_LVS_Strategy/aarush_ros/build/mppt_package/prefix_override:/home/jaay/Agnirath/Agnirath_LVS_Strategy/aarush_ros/install/mppt_package/lib/python3.10/site-packages:${PYTHONPATH} /usr/bin/python3 setup.py egg_info --egg-base ../../build/mppt_package build --build-base /home/jaay/Agnirath/Agnirath_LVS_Strategy/aarush_ros/build/mppt_package/build install --record /home/jaay/Agnirath/Agnirath_LVS_Strategy/aarush_ros/build/mppt_package/install.log --single-version-externally-managed
[3.065s] running egg_info
[3.065s] writing ../../build/mppt_package/mppt_package.egg-info/PKG-INFO
[3.065s] writing dependency_links to ../../build/mppt_package/mppt_package.egg-info/dependency_links.txt
[3.065s] writing entry points to ../../build/mppt_package/mppt_package.egg-info/entry_points.txt
[3.066s] writing requirements to ../../build/mppt_package/mppt_package.egg-info/requires.txt
[3.066s] writing top-level names to ../../build/mppt_package/mppt_package.egg-info/top_level.txt
[3.069s] reading manifest file '../../build/mppt_package/mppt_package.egg-info/SOURCES.txt'
[3.069s] adding license file 'LICENSE'
[3.069s] writing manifest file '../../build/mppt_package/mppt_package.egg-info/SOURCES.txt'
[3.070s] running build
[3.070s] running build_py
[3.070s] running install
[3.070s] running install_lib
[3.071s] running install_data
[3.071s] running install_egg_info
[3.073s] removing '/home/jaay/Agnirath/Agnirath_LVS_Strategy/aarush_ros/install/mppt_package/lib/python3.10/site-packages/mppt_package-0.0.0-py3.10.egg-info' (and everything under it)
[3.073s] Copying ../../build/mppt_package/mppt_package.egg-info to /home/jaay/Agnirath/Agnirath_LVS_Strategy/aarush_ros/install/mppt_package/lib/python3.10/site-packages/mppt_package-0.0.0-py3.10.egg-info
[3.073s] running install_scripts
[3.093s] Installing mppt_node script to /home/jaay/Agnirath/Agnirath_LVS_Strategy/aarush_ros/install/mppt_package/lib/mppt_package
[3.093s] writing list of installed files to '/home/jaay/Agnirath/Agnirath_LVS_Strategy/aarush_ros/build/mppt_package/install.log'
[3.137s] Invoked command in '/home/jaay/Agnirath/Agnirath_LVS_Strategy/aarush_ros/src/mppt_package' returned '0': PYTHONPATH=/home/jaay/Agnirath/Agnirath_LVS_Strategy/aarush_ros/build/mppt_package/prefix_override:/home/jaay/Agnirath/Agnirath_LVS_Strategy/aarush_ros/install/mppt_package/lib/python3.10/site-packages:${PYTHONPATH} /usr/bin/python3 setup.py egg_info --egg-base ../../build/mppt_package build --build-base /home/jaay/Agnirath/Agnirath_LVS_Strategy/aarush_ros/build/mppt_package/build install --record /home/jaay/Agnirath/Agnirath_LVS_Strategy/aarush_ros/build/mppt_package/install.log --single-version-externally-managed
