[2.619s] Invoking command in '/home/jaay/Agnirath/Agnirath_LVS_Strategy/aarush_ros/src/control_package': PYTHONPATH=/home/jaay/Agnirath/Agnirath_LVS_Strategy/aarush_ros/build/control_package/prefix_override:/home/jaay/Agnirath/Agnirath_LVS_Strategy/aarush_ros/install/control_package/lib/python3.10/site-packages:${PYTHONPATH} /usr/bin/python3 setup.py egg_info --egg-base ../../build/control_package build --build-base /home/jaay/Agnirath/Agnirath_LVS_Strategy/aarush_ros/build/control_package/build install --record /home/jaay/Agnirath/Agnirath_LVS_Strategy/aarush_ros/build/control_package/install.log --single-version-externally-managed
[2.874s] running egg_info
[2.875s] writing ../../build/control_package/control_package.egg-info/PKG-INFO
[2.875s] writing dependency_links to ../../build/control_package/control_package.egg-info/dependency_links.txt
[2.875s] writing entry points to ../../build/control_package/control_package.egg-info/entry_points.txt
[2.876s] writing requirements to ../../build/control_package/control_package.egg-info/requires.txt
[2.876s] writing top-level names to ../../build/control_package/control_package.egg-info/top_level.txt
[2.878s] reading manifest file '../../build/control_package/control_package.egg-info/SOURCES.txt'
[2.878s] adding license file 'LICENSE'
[2.879s] writing manifest file '../../build/control_package/control_package.egg-info/SOURCES.txt'
[2.880s] running build
[2.880s] running build_py
[2.880s] running install
[2.881s] running install_lib
[2.882s] running install_data
[2.883s] running install_egg_info
[2.885s] removing '/home/jaay/Agnirath/Agnirath_LVS_Strategy/aarush_ros/install/control_package/lib/python3.10/site-packages/control_package-0.0.0-py3.10.egg-info' (and everything under it)
[2.885s] Copying ../../build/control_package/control_package.egg-info to /home/jaay/Agnirath/Agnirath_LVS_Strategy/aarush_ros/install/control_package/lib/python3.10/site-packages/control_package-0.0.0-py3.10.egg-info
[2.886s] running install_scripts
[2.914s] Installing control_node script to /home/jaay/Agnirath/Agnirath_LVS_Strategy/aarush_ros/install/control_package/lib/control_package
[2.914s] writing list of installed files to '/home/jaay/Agnirath/Agnirath_LVS_Strategy/aarush_ros/build/control_package/install.log'
[2.996s] Invoked command in '/home/jaay/Agnirath/Agnirath_LVS_Strategy/aarush_ros/src/control_package' returned '0': PYTHONPATH=/home/jaay/Agnirath/Agnirath_LVS_Strategy/aarush_ros/build/control_package/prefix_override:/home/jaay/Agnirath/Agnirath_LVS_Strategy/aarush_ros/install/control_package/lib/python3.10/site-packages:${PYTHONPATH} /usr/bin/python3 setup.py egg_info --egg-base ../../build/control_package build --build-base /home/jaay/Agnirath/Agnirath_LVS_Strategy/aarush_ros/build/control_package/build install --record /home/jaay/Agnirath/Agnirath_LVS_Strategy/aarush_ros/build/control_package/install.log --single-version-externally-managed
