[1.194s] DEBUG:colcon:Command line arguments: ['/usr/bin/colcon', 'build', '--packages-select', 'my_package']
[1.194s] DEBUG:colcon:Parsed command line arguments: Namespace(log_base=None, log_level=None, verb_name='build', build_base='build', install_base='install', merge_install=False, symlink_install=False, test_result_base=None, continue_on_error=False, executor='parallel', parallel_workers=2, event_handlers=None, ignore_user_meta=False, metas=['./colcon.meta'], base_paths=['.'], packages_ignore=None, packages_ignore_regex=None, paths=None, packages_up_to=None, packages_up_to_regex=None, packages_above=None, packages_above_and_dependencies=None, packages_above_depth=None, packages_select_by_dep=None, packages_skip_by_dep=None, packages_skip_up_to=None, packages_select_build_failed=False, packages_skip_build_finished=False, packages_select_test_failures=False, packages_skip_test_passed=False, packages_select=['my_package'], packages_skip=None, packages_select_regex=None, packages_skip_regex=None, packages_start=None, packages_end=None, allow_overriding=[], cmake_args=None, cmake_target=None, cmake_target_skip_unavailable=False, cmake_clean_cache=False, cmake_clean_first=False, cmake_force_configure=False, ament_cmake_args=None, catkin_cmake_args=None, catkin_skip_building_tests=False, verb_parser=<colcon_defaults.argument_parser.defaults.DefaultArgumentsDecorator object at 0xffffbb7171f0>, verb_extension=<colcon_core.verb.build.BuildVerb object at 0xffffbbf6aef0>, main=<bound method BuildVerb.main of <colcon_core.verb.build.BuildVerb object at 0xffffbbf6aef0>>)
[1.319s] Level 1:colcon.colcon_core.package_discovery:discover_packages(colcon_meta) check parameters
[1.320s] Level 1:colcon.colcon_core.package_discovery:discover_packages(recursive) check parameters
[1.320s] Level 1:colcon.colcon_core.package_discovery:discover_packages(ignore) check parameters
[1.320s] Level 1:colcon.colcon_core.package_discovery:discover_packages(path) check parameters
[1.320s] Level 1:colcon.colcon_core.package_discovery:discover_packages(colcon_meta) discover
[1.321s] Level 1:colcon.colcon_core.package_discovery:discover_packages(recursive) discover
[1.321s] INFO:colcon.colcon_core.package_discovery:Crawling recursively for packages in '/home/ubuntu/Agnirath_LVS_Strategy/aarush_ros/src'
[1.321s] Level 1:colcon.colcon_core.package_identification:_identify(.) by extensions ['ignore', 'ignore_ament_install']
[1.321s] Level 1:colcon.colcon_core.package_identification:_identify(.) by extension 'ignore'
[1.322s] Level 1:colcon.colcon_core.package_identification:_identify(.) by extension 'ignore_ament_install'
[1.322s] Level 1:colcon.colcon_core.package_identification:_identify(.) by extensions ['colcon_pkg']
[1.322s] Level 1:colcon.colcon_core.package_identification:_identify(.) by extension 'colcon_pkg'
[1.322s] Level 1:colcon.colcon_core.package_identification:_identify(.) by extensions ['colcon_meta']
[1.322s] Level 1:colcon.colcon_core.package_identification:_identify(.) by extension 'colcon_meta'
[1.322s] Level 1:colcon.colcon_core.package_identification:_identify(.) by extensions ['ros']
[1.322s] Level 1:colcon.colcon_core.package_identification:_identify(.) by extension 'ros'
[1.365s] Level 1:colcon.colcon_core.package_identification:_identify(.) by extensions ['cmake', 'python']
[1.366s] Level 1:colcon.colcon_core.package_identification:_identify(.) by extension 'cmake'
[1.366s] Level 1:colcon.colcon_core.package_identification:_identify(.) by extension 'python'
[1.366s] Level 1:colcon.colcon_core.package_identification:_identify(.) by extensions ['python_setup_py']
[1.366s] Level 1:colcon.colcon_core.package_identification:_identify(.) by extension 'python_setup_py'
[1.367s] Level 1:colcon.colcon_core.package_identification:_identify(battery_package) by extensions ['ignore', 'ignore_ament_install']
[1.367s] Level 1:colcon.colcon_core.package_identification:_identify(battery_package) by extension 'ignore'
[1.367s] Level 1:colcon.colcon_core.package_identification:_identify(battery_package) by extension 'ignore_ament_install'
[1.367s] Level 1:colcon.colcon_core.package_identification:_identify(battery_package) by extensions ['colcon_pkg']
[1.367s] Level 1:colcon.colcon_core.package_identification:_identify(battery_package) by extension 'colcon_pkg'
[1.368s] Level 1:colcon.colcon_core.package_identification:_identify(battery_package) by extensions ['colcon_meta']
[1.368s] Level 1:colcon.colcon_core.package_identification:_identify(battery_package) by extension 'colcon_meta'
[1.368s] Level 1:colcon.colcon_core.package_identification:_identify(battery_package) by extensions ['ros']
[1.368s] Level 1:colcon.colcon_core.package_identification:_identify(battery_package) by extension 'ros'
[1.376s] DEBUG:colcon.colcon_core.package_identification:Package 'battery_package' with type 'ros.ament_python' and name 'battery_package'
[1.376s] Level 1:colcon.colcon_core.package_identification:_identify(build) by extensions ['ignore', 'ignore_ament_install']
[1.377s] Level 1:colcon.colcon_core.package_identification:_identify(build) by extension 'ignore'
[1.377s] Level 1:colcon.colcon_core.package_identification:_identify(build) ignored
[1.377s] Level 1:colcon.colcon_core.package_identification:_identify(can_package) by extensions ['ignore', 'ignore_ament_install']
[1.377s] Level 1:colcon.colcon_core.package_identification:_identify(can_package) by extension 'ignore'
[1.378s] Level 1:colcon.colcon_core.package_identification:_identify(can_package) by extension 'ignore_ament_install'
[1.378s] Level 1:colcon.colcon_core.package_identification:_identify(can_package) by extensions ['colcon_pkg']
[1.378s] Level 1:colcon.colcon_core.package_identification:_identify(can_package) by extension 'colcon_pkg'
[1.378s] Level 1:colcon.colcon_core.package_identification:_identify(can_package) by extensions ['colcon_meta']
[1.378s] Level 1:colcon.colcon_core.package_identification:_identify(can_package) by extension 'colcon_meta'
[1.378s] Level 1:colcon.colcon_core.package_identification:_identify(can_package) by extensions ['ros']
[1.378s] Level 1:colcon.colcon_core.package_identification:_identify(can_package) by extension 'ros'
[1.381s] DEBUG:colcon.colcon_core.package_identification:Package 'can_package' with type 'ros.ament_python' and name 'can_package'
[1.381s] Level 1:colcon.colcon_core.package_identification:_identify(control_package) by extensions ['ignore', 'ignore_ament_install']
[1.382s] Level 1:colcon.colcon_core.package_identification:_identify(control_package) by extension 'ignore'
[1.382s] Level 1:colcon.colcon_core.package_identification:_identify(control_package) by extension 'ignore_ament_install'
[1.382s] Level 1:colcon.colcon_core.package_identification:_identify(control_package) by extensions ['colcon_pkg']
[1.382s] Level 1:colcon.colcon_core.package_identification:_identify(control_package) by extension 'colcon_pkg'
[1.382s] Level 1:colcon.colcon_core.package_identification:_identify(control_package) by extensions ['colcon_meta']
[1.382s] Level 1:colcon.colcon_core.package_identification:_identify(control_package) by extension 'colcon_meta'
[1.383s] Level 1:colcon.colcon_core.package_identification:_identify(control_package) by extensions ['ros']
[1.383s] Level 1:colcon.colcon_core.package_identification:_identify(control_package) by extension 'ros'
[1.385s] DEBUG:colcon.colcon_core.package_identification:Package 'control_package' with type 'ros.ament_python' and name 'control_package'
[1.385s] Level 1:colcon.colcon_core.package_identification:_identify(display_package) by extensions ['ignore', 'ignore_ament_install']
[1.385s] Level 1:colcon.colcon_core.package_identification:_identify(display_package) by extension 'ignore'
[1.386s] Level 1:colcon.colcon_core.package_identification:_identify(display_package) by extension 'ignore_ament_install'
[1.386s] Level 1:colcon.colcon_core.package_identification:_identify(display_package) by extensions ['colcon_pkg']
[1.386s] Level 1:colcon.colcon_core.package_identification:_identify(display_package) by extension 'colcon_pkg'
[1.386s] Level 1:colcon.colcon_core.package_identification:_identify(display_package) by extensions ['colcon_meta']
[1.386s] Level 1:colcon.colcon_core.package_identification:_identify(display_package) by extension 'colcon_meta'
[1.386s] Level 1:colcon.colcon_core.package_identification:_identify(display_package) by extensions ['ros']
[1.387s] Level 1:colcon.colcon_core.package_identification:_identify(display_package) by extension 'ros'
[1.388s] DEBUG:colcon.colcon_core.package_identification:Package 'display_package' with type 'ros.ament_python' and name 'display_package'
[1.389s] Level 1:colcon.colcon_core.package_identification:_identify(gps_package) by extensions ['ignore', 'ignore_ament_install']
[1.389s] Level 1:colcon.colcon_core.package_identification:_identify(gps_package) by extension 'ignore'
[1.389s] Level 1:colcon.colcon_core.package_identification:_identify(gps_package) by extension 'ignore_ament_install'
[1.389s] Level 1:colcon.colcon_core.package_identification:_identify(gps_package) by extensions ['colcon_pkg']
[1.390s] Level 1:colcon.colcon_core.package_identification:_identify(gps_package) by extension 'colcon_pkg'
[1.390s] Level 1:colcon.colcon_core.package_identification:_identify(gps_package) by extensions ['colcon_meta']
[1.390s] Level 1:colcon.colcon_core.package_identification:_identify(gps_package) by extension 'colcon_meta'
[1.390s] Level 1:colcon.colcon_core.package_identification:_identify(gps_package) by extensions ['ros']
[1.390s] Level 1:colcon.colcon_core.package_identification:_identify(gps_package) by extension 'ros'
[1.392s] DEBUG:colcon.colcon_core.package_identification:Package 'gps_package' with type 'ros.ament_python' and name 'gps_package'
[1.392s] Level 1:colcon.colcon_core.package_identification:_identify(imu_package) by extensions ['ignore', 'ignore_ament_install']
[1.393s] Level 1:colcon.colcon_core.package_identification:_identify(imu_package) by extension 'ignore'
[1.393s] Level 1:colcon.colcon_core.package_identification:_identify(imu_package) by extension 'ignore_ament_install'
[1.393s] Level 1:colcon.colcon_core.package_identification:_identify(imu_package) by extensions ['colcon_pkg']
[1.393s] Level 1:colcon.colcon_core.package_identification:_identify(imu_package) by extension 'colcon_pkg'
[1.393s] Level 1:colcon.colcon_core.package_identification:_identify(imu_package) by extensions ['colcon_meta']
[1.393s] Level 1:colcon.colcon_core.package_identification:_identify(imu_package) by extension 'colcon_meta'
[1.394s] Level 1:colcon.colcon_core.package_identification:_identify(imu_package) by extensions ['ros']
[1.394s] Level 1:colcon.colcon_core.package_identification:_identify(imu_package) by extension 'ros'
[1.395s] DEBUG:colcon.colcon_core.package_identification:Package 'imu_package' with type 'ros.ament_python' and name 'imu_package'
[1.396s] Level 1:colcon.colcon_core.package_identification:_identify(install) by extensions ['ignore', 'ignore_ament_install']
[1.396s] Level 1:colcon.colcon_core.package_identification:_identify(install) by extension 'ignore'
[1.396s] Level 1:colcon.colcon_core.package_identification:_identify(install) ignored
[1.397s] Level 1:colcon.colcon_core.package_identification:_identify(log) by extensions ['ignore', 'ignore_ament_install']
[1.397s] Level 1:colcon.colcon_core.package_identification:_identify(log) by extension 'ignore'
[1.397s] Level 1:colcon.colcon_core.package_identification:_identify(log) ignored
[1.397s] Level 1:colcon.colcon_core.package_identification:_identify(logging_package) by extensions ['ignore', 'ignore_ament_install']
[1.398s] Level 1:colcon.colcon_core.package_identification:_identify(logging_package) by extension 'ignore'
[1.398s] Level 1:colcon.colcon_core.package_identification:_identify(logging_package) by extension 'ignore_ament_install'
[1.398s] Level 1:colcon.colcon_core.package_identification:_identify(logging_package) by extensions ['colcon_pkg']
[1.398s] Level 1:colcon.colcon_core.package_identification:_identify(logging_package) by extension 'colcon_pkg'
[1.398s] Level 1:colcon.colcon_core.package_identification:_identify(logging_package) by extensions ['colcon_meta']
[1.398s] Level 1:colcon.colcon_core.package_identification:_identify(logging_package) by extension 'colcon_meta'
[1.399s] Level 1:colcon.colcon_core.package_identification:_identify(logging_package) by extensions ['ros']
[1.399s] Level 1:colcon.colcon_core.package_identification:_identify(logging_package) by extension 'ros'
[1.400s] DEBUG:colcon.colcon_core.package_identification:Package 'logging_package' with type 'ros.ament_python' and name 'logging_package'
[1.401s] Level 1:colcon.colcon_core.package_identification:_identify(main_package) by extensions ['ignore', 'ignore_ament_install']
[1.401s] Level 1:colcon.colcon_core.package_identification:_identify(main_package) by extension 'ignore'
[1.401s] Level 1:colcon.colcon_core.package_identification:_identify(main_package) by extension 'ignore_ament_install'
[1.402s] Level 1:colcon.colcon_core.package_identification:_identify(main_package) by extensions ['colcon_pkg']
[1.402s] Level 1:colcon.colcon_core.package_identification:_identify(main_package) by extension 'colcon_pkg'
[1.402s] Level 1:colcon.colcon_core.package_identification:_identify(main_package) by extensions ['colcon_meta']
[1.402s] Level 1:colcon.colcon_core.package_identification:_identify(main_package) by extension 'colcon_meta'
[1.402s] Level 1:colcon.colcon_core.package_identification:_identify(main_package) by extensions ['ros']
[1.402s] Level 1:colcon.colcon_core.package_identification:_identify(main_package) by extension 'ros'
[1.404s] DEBUG:colcon.colcon_core.package_identification:Package 'main_package' with type 'ros.ament_python' and name 'main_package'
[1.405s] Level 1:colcon.colcon_core.package_identification:_identify(mc_package) by extensions ['ignore', 'ignore_ament_install']
[1.405s] Level 1:colcon.colcon_core.package_identification:_identify(mc_package) by extension 'ignore'
[1.405s] Level 1:colcon.colcon_core.package_identification:_identify(mc_package) by extension 'ignore_ament_install'
[1.406s] Level 1:colcon.colcon_core.package_identification:_identify(mc_package) by extensions ['colcon_pkg']
[1.406s] Level 1:colcon.colcon_core.package_identification:_identify(mc_package) by extension 'colcon_pkg'
[1.406s] Level 1:colcon.colcon_core.package_identification:_identify(mc_package) by extensions ['colcon_meta']
[1.406s] Level 1:colcon.colcon_core.package_identification:_identify(mc_package) by extension 'colcon_meta'
[1.406s] Level 1:colcon.colcon_core.package_identification:_identify(mc_package) by extensions ['ros']
[1.406s] Level 1:colcon.colcon_core.package_identification:_identify(mc_package) by extension 'ros'
[1.408s] DEBUG:colcon.colcon_core.package_identification:Package 'mc_package' with type 'ros.ament_python' and name 'mc_package'
[1.409s] Level 1:colcon.colcon_core.package_identification:_identify(mppt_package) by extensions ['ignore', 'ignore_ament_install']
[1.409s] Level 1:colcon.colcon_core.package_identification:_identify(mppt_package) by extension 'ignore'
[1.409s] Level 1:colcon.colcon_core.package_identification:_identify(mppt_package) by extension 'ignore_ament_install'
[1.409s] Level 1:colcon.colcon_core.package_identification:_identify(mppt_package) by extensions ['colcon_pkg']
[1.409s] Level 1:colcon.colcon_core.package_identification:_identify(mppt_package) by extension 'colcon_pkg'
[1.410s] Level 1:colcon.colcon_core.package_identification:_identify(mppt_package) by extensions ['colcon_meta']
[1.410s] Level 1:colcon.colcon_core.package_identification:_identify(mppt_package) by extension 'colcon_meta'
[1.410s] Level 1:colcon.colcon_core.package_identification:_identify(mppt_package) by extensions ['ros']
[1.410s] Level 1:colcon.colcon_core.package_identification:_identify(mppt_package) by extension 'ros'
[1.412s] DEBUG:colcon.colcon_core.package_identification:Package 'mppt_package' with type 'ros.ament_python' and name 'mppt_package'
[1.412s] Level 1:colcon.colcon_core.package_identification:_identify(my_package) by extensions ['ignore', 'ignore_ament_install']
[1.413s] Level 1:colcon.colcon_core.package_identification:_identify(my_package) by extension 'ignore'
[1.413s] Level 1:colcon.colcon_core.package_identification:_identify(my_package) by extension 'ignore_ament_install'
[1.413s] Level 1:colcon.colcon_core.package_identification:_identify(my_package) by extensions ['colcon_pkg']
[1.413s] Level 1:colcon.colcon_core.package_identification:_identify(my_package) by extension 'colcon_pkg'
[1.413s] Level 1:colcon.colcon_core.package_identification:_identify(my_package) by extensions ['colcon_meta']
[1.413s] Level 1:colcon.colcon_core.package_identification:_identify(my_package) by extension 'colcon_meta'
[1.414s] Level 1:colcon.colcon_core.package_identification:_identify(my_package) by extensions ['ros']
[1.414s] Level 1:colcon.colcon_core.package_identification:_identify(my_package) by extension 'ros'
[1.415s] DEBUG:colcon.colcon_core.package_identification:Package 'my_package' with type 'ros.ament_python' and name 'my_package'
[1.416s] Level 1:colcon.colcon_core.package_identification:_identify(rf_package) by extensions ['ignore', 'ignore_ament_install']
[1.416s] Level 1:colcon.colcon_core.package_identification:_identify(rf_package) by extension 'ignore'
[1.416s] Level 1:colcon.colcon_core.package_identification:_identify(rf_package) by extension 'ignore_ament_install'
[1.417s] Level 1:colcon.colcon_core.package_identification:_identify(rf_package) by extensions ['colcon_pkg']
[1.417s] Level 1:colcon.colcon_core.package_identification:_identify(rf_package) by extension 'colcon_pkg'
[1.417s] Level 1:colcon.colcon_core.package_identification:_identify(rf_package) by extensions ['colcon_meta']
[1.417s] Level 1:colcon.colcon_core.package_identification:_identify(rf_package) by extension 'colcon_meta'
[1.417s] Level 1:colcon.colcon_core.package_identification:_identify(rf_package) by extensions ['ros']
[1.417s] Level 1:colcon.colcon_core.package_identification:_identify(rf_package) by extension 'ros'
[1.419s] DEBUG:colcon.colcon_core.package_identification:Package 'rf_package' with type 'ros.ament_python' and name 'rf_package'
[1.419s] Level 1:colcon.colcon_core.package_identification:_identify(test_package) by extensions ['ignore', 'ignore_ament_install']
[1.420s] Level 1:colcon.colcon_core.package_identification:_identify(test_package) by extension 'ignore'
[1.420s] Level 1:colcon.colcon_core.package_identification:_identify(test_package) by extension 'ignore_ament_install'
[1.420s] Level 1:colcon.colcon_core.package_identification:_identify(test_package) by extensions ['colcon_pkg']
[1.420s] Level 1:colcon.colcon_core.package_identification:_identify(test_package) by extension 'colcon_pkg'
[1.420s] Level 1:colcon.colcon_core.package_identification:_identify(test_package) by extensions ['colcon_meta']
[1.420s] Level 1:colcon.colcon_core.package_identification:_identify(test_package) by extension 'colcon_meta'
[1.421s] Level 1:colcon.colcon_core.package_identification:_identify(test_package) by extensions ['ros']
[1.421s] Level 1:colcon.colcon_core.package_identification:_identify(test_package) by extension 'ros'
[1.422s] DEBUG:colcon.colcon_core.package_identification:Package 'test_package' with type 'ros.ament_python' and name 'test_package'
[1.423s] Level 1:colcon.colcon_core.package_discovery:discover_packages(recursive) using defaults
[1.423s] Level 1:colcon.colcon_core.package_discovery:discover_packages(ignore) discover
[1.423s] Level 1:colcon.colcon_core.package_discovery:discover_packages(ignore) using defaults
[1.423s] Level 1:colcon.colcon_core.package_discovery:discover_packages(path) discover
[1.423s] Level 1:colcon.colcon_core.package_discovery:discover_packages(path) using defaults
[1.511s] INFO:colcon.colcon_core.package_selection:Skipping not selected package 'battery_package' in 'battery_package'
[1.511s] INFO:colcon.colcon_core.package_selection:Skipping not selected package 'can_package' in 'can_package'
[1.511s] INFO:colcon.colcon_core.package_selection:Skipping not selected package 'control_package' in 'control_package'
[1.511s] INFO:colcon.colcon_core.package_selection:Skipping not selected package 'display_package' in 'display_package'
[1.512s] INFO:colcon.colcon_core.package_selection:Skipping not selected package 'gps_package' in 'gps_package'
[1.512s] INFO:colcon.colcon_core.package_selection:Skipping not selected package 'imu_package' in 'imu_package'
[1.512s] INFO:colcon.colcon_core.package_selection:Skipping not selected package 'logging_package' in 'logging_package'
[1.512s] INFO:colcon.colcon_core.package_selection:Skipping not selected package 'main_package' in 'main_package'
[1.512s] INFO:colcon.colcon_core.package_selection:Skipping not selected package 'mc_package' in 'mc_package'
[1.512s] INFO:colcon.colcon_core.package_selection:Skipping not selected package 'mppt_package' in 'mppt_package'
[1.512s] INFO:colcon.colcon_core.package_selection:Skipping not selected package 'rf_package' in 'rf_package'
[1.512s] INFO:colcon.colcon_core.package_selection:Skipping not selected package 'test_package' in 'test_package'
[1.515s] Level 1:colcon.colcon_core.package_discovery:discover_packages(prefix_path) check parameters
[1.516s] Level 1:colcon.colcon_core.package_discovery:discover_packages(prefix_path) discover
[1.529s] DEBUG:colcon.colcon_installed_package_information.package_discovery:Found 281 installed packages in /opt/ros/iron
[1.536s] Level 1:colcon.colcon_core.package_discovery:discover_packages(prefix_path) using defaults
[1.733s] Level 5:colcon.colcon_core.verb:set package 'my_package' build argument 'cmake_args' from command line to 'None'
[1.733s] Level 5:colcon.colcon_core.verb:set package 'my_package' build argument 'cmake_target' from command line to 'None'
[1.733s] Level 5:colcon.colcon_core.verb:set package 'my_package' build argument 'cmake_target_skip_unavailable' from command line to 'False'
[1.733s] Level 5:colcon.colcon_core.verb:set package 'my_package' build argument 'cmake_clean_cache' from command line to 'False'
[1.733s] Level 5:colcon.colcon_core.verb:set package 'my_package' build argument 'cmake_clean_first' from command line to 'False'
[1.734s] Level 5:colcon.colcon_core.verb:set package 'my_package' build argument 'cmake_force_configure' from command line to 'False'
[1.734s] Level 5:colcon.colcon_core.verb:set package 'my_package' build argument 'ament_cmake_args' from command line to 'None'
[1.734s] Level 5:colcon.colcon_core.verb:set package 'my_package' build argument 'catkin_cmake_args' from command line to 'None'
[1.734s] Level 5:colcon.colcon_core.verb:set package 'my_package' build argument 'catkin_skip_building_tests' from command line to 'False'
[1.734s] DEBUG:colcon.colcon_core.verb:Building package 'my_package' with the following arguments: {'ament_cmake_args': None, 'build_base': '/home/ubuntu/Agnirath_LVS_Strategy/aarush_ros/src/build/my_package', 'catkin_cmake_args': None, 'catkin_skip_building_tests': False, 'cmake_args': None, 'cmake_clean_cache': False, 'cmake_clean_first': False, 'cmake_force_configure': False, 'cmake_target': None, 'cmake_target_skip_unavailable': False, 'install_base': '/home/ubuntu/Agnirath_LVS_Strategy/aarush_ros/src/install/my_package', 'merge_install': False, 'path': '/home/ubuntu/Agnirath_LVS_Strategy/aarush_ros/src/my_package', 'symlink_install': False, 'test_result_base': None}
[1.737s] INFO:colcon.colcon_core.executor:Executing jobs using 'parallel' executor
[1.749s] DEBUG:colcon.colcon_parallel_executor.executor.parallel:run_until_complete
[1.751s] INFO:colcon.colcon_ros.task.ament_python.build:Building ROS package in '/home/ubuntu/Agnirath_LVS_Strategy/aarush_ros/src/my_package' with build type 'ament_python'
[1.751s] Level 1:colcon.colcon_core.shell:create_environment_hook('my_package', 'ament_prefix_path')
[1.769s] INFO:colcon.colcon_core.plugin_system:Skipping extension 'colcon_core.shell.bat': Not used on non-Windows systems
[1.770s] INFO:colcon.colcon_core.shell:Creating environment hook '/home/ubuntu/Agnirath_LVS_Strategy/aarush_ros/src/install/my_package/share/my_package/hook/ament_prefix_path.ps1'
[1.773s] INFO:colcon.colcon_core.shell:Creating environment descriptor '/home/ubuntu/Agnirath_LVS_Strategy/aarush_ros/src/install/my_package/share/my_package/hook/ament_prefix_path.dsv'
[1.774s] INFO:colcon.colcon_core.shell:Creating environment hook '/home/ubuntu/Agnirath_LVS_Strategy/aarush_ros/src/install/my_package/share/my_package/hook/ament_prefix_path.sh'
[1.781s] INFO:colcon.colcon_core.shell:Skip shell extension 'powershell' for command environment: Not usable outside of PowerShell
[1.782s] DEBUG:colcon.colcon_core.shell:Skip shell extension 'dsv' for command environment
[2.727s] INFO:colcon.colcon_core.task.python.build:Building Python package in '/home/ubuntu/Agnirath_LVS_Strategy/aarush_ros/src/my_package'
[2.733s] INFO:colcon.colcon_core.shell:Skip shell extension 'powershell' for command environment: Not usable outside of PowerShell
[2.733s] DEBUG:colcon.colcon_core.shell:Skip shell extension 'dsv' for command environment
[3.927s] DEBUG:colcon.colcon_core.event_handler.log_command:Invoking command in '/home/ubuntu/Agnirath_LVS_Strategy/aarush_ros/src/my_package': PYTHONPATH=/home/ubuntu/Agnirath_LVS_Strategy/aarush_ros/src/build/my_package/prefix_override:/home/ubuntu/Agnirath_LVS_Strategy/aarush_ros/src/install/my_package/lib/python3.10/site-packages:${PYTHONPATH} /usr/bin/python3 setup.py egg_info --egg-base ../build/my_package build --build-base /home/ubuntu/Agnirath_LVS_Strategy/aarush_ros/src/build/my_package/build install --record /home/ubuntu/Agnirath_LVS_Strategy/aarush_ros/src/build/my_package/install.log --single-version-externally-managed
[5.015s] DEBUG:colcon.colcon_core.event_handler.log_command:Invoked command in '/home/ubuntu/Agnirath_LVS_Strategy/aarush_ros/src/my_package' returned '0': PYTHONPATH=/home/ubuntu/Agnirath_LVS_Strategy/aarush_ros/src/build/my_package/prefix_override:/home/ubuntu/Agnirath_LVS_Strategy/aarush_ros/src/install/my_package/lib/python3.10/site-packages:${PYTHONPATH} /usr/bin/python3 setup.py egg_info --egg-base ../build/my_package build --build-base /home/ubuntu/Agnirath_LVS_Strategy/aarush_ros/src/build/my_package/build install --record /home/ubuntu/Agnirath_LVS_Strategy/aarush_ros/src/build/my_package/install.log --single-version-externally-managed
[5.030s] Level 1:colcon.colcon_core.environment:checking '/home/ubuntu/Agnirath_LVS_Strategy/aarush_ros/src/install/my_package' for CMake module files
[5.032s] Level 1:colcon.colcon_core.environment:checking '/home/ubuntu/Agnirath_LVS_Strategy/aarush_ros/src/install/my_package' for CMake config files
[5.034s] Level 1:colcon.colcon_core.environment:checking '/home/ubuntu/Agnirath_LVS_Strategy/aarush_ros/src/install/my_package/lib'
[5.035s] Level 1:colcon.colcon_core.environment:checking '/home/ubuntu/Agnirath_LVS_Strategy/aarush_ros/src/install/my_package/bin'
[5.035s] Level 1:colcon.colcon_core.environment:checking '/home/ubuntu/Agnirath_LVS_Strategy/aarush_ros/src/install/my_package/lib/pkgconfig/my_package.pc'
[5.036s] Level 1:colcon.colcon_core.environment:checking '/home/ubuntu/Agnirath_LVS_Strategy/aarush_ros/src/install/my_package/lib/python3.10/site-packages'
[5.036s] Level 1:colcon.colcon_core.shell:create_environment_hook('my_package', 'pythonpath')
[5.041s] INFO:colcon.colcon_core.shell:Creating environment hook '/home/ubuntu/Agnirath_LVS_Strategy/aarush_ros/src/install/my_package/share/my_package/hook/pythonpath.ps1'
[5.043s] INFO:colcon.colcon_core.shell:Creating environment descriptor '/home/ubuntu/Agnirath_LVS_Strategy/aarush_ros/src/install/my_package/share/my_package/hook/pythonpath.dsv'
[5.044s] INFO:colcon.colcon_core.shell:Creating environment hook '/home/ubuntu/Agnirath_LVS_Strategy/aarush_ros/src/install/my_package/share/my_package/hook/pythonpath.sh'
[5.046s] Level 1:colcon.colcon_core.environment:checking '/home/ubuntu/Agnirath_LVS_Strategy/aarush_ros/src/install/my_package/bin'
[5.046s] Level 1:colcon.colcon_core.environment:create_environment_scripts_only(my_package)
[5.052s] INFO:colcon.colcon_core.shell:Creating package script '/home/ubuntu/Agnirath_LVS_Strategy/aarush_ros/src/install/my_package/share/my_package/package.ps1'
[5.055s] INFO:colcon.colcon_core.shell:Creating package descriptor '/home/ubuntu/Agnirath_LVS_Strategy/aarush_ros/src/install/my_package/share/my_package/package.dsv'
[5.057s] INFO:colcon.colcon_core.shell:Creating package script '/home/ubuntu/Agnirath_LVS_Strategy/aarush_ros/src/install/my_package/share/my_package/package.sh'
[5.060s] INFO:colcon.colcon_core.shell:Creating package script '/home/ubuntu/Agnirath_LVS_Strategy/aarush_ros/src/install/my_package/share/my_package/package.bash'
[5.063s] INFO:colcon.colcon_core.shell:Creating package script '/home/ubuntu/Agnirath_LVS_Strategy/aarush_ros/src/install/my_package/share/my_package/package.zsh'
[5.066s] Level 1:colcon.colcon_core.environment:create_file_with_runtime_dependencies(/home/ubuntu/Agnirath_LVS_Strategy/aarush_ros/src/install/my_package/share/colcon-core/packages/my_package)
[5.067s] DEBUG:colcon.colcon_parallel_executor.executor.parallel:closing loop
[5.068s] DEBUG:colcon.colcon_parallel_executor.executor.parallel:loop closed
[5.068s] DEBUG:colcon.colcon_parallel_executor.executor.parallel:run_until_complete finished with '0'
[5.069s] DEBUG:colcon.colcon_core.event_reactor:joining thread
[5.086s] INFO:colcon.colcon_core.plugin_system:Skipping extension 'colcon_notification.desktop_notification.terminal_notifier': Not used on non-Darwin systems
[5.086s] INFO:colcon.colcon_core.plugin_system:Skipping extension 'colcon_notification.desktop_notification.win32': Not used on non-Windows systems
[5.087s] INFO:colcon.colcon_notification.desktop_notification:Sending desktop notification using 'notify2'
[5.089s] DEBUG:colcon.colcon_notification.desktop_notification.notify2:Failed to initialize notify2: org.freedesktop.DBus.Error.ServiceUnknown: The name org.freedesktop.Notifications was not provided by any .service files
[5.089s] DEBUG:colcon.colcon_core.event_reactor:joined thread
[5.094s] INFO:colcon.colcon_core.shell:Creating prefix script '/home/ubuntu/Agnirath_LVS_Strategy/aarush_ros/src/install/local_setup.ps1'
[5.098s] INFO:colcon.colcon_core.shell:Creating prefix util module '/home/ubuntu/Agnirath_LVS_Strategy/aarush_ros/src/install/_local_setup_util_ps1.py'
[5.104s] INFO:colcon.colcon_core.shell:Creating prefix chain script '/home/ubuntu/Agnirath_LVS_Strategy/aarush_ros/src/install/setup.ps1'
[5.109s] INFO:colcon.colcon_core.shell:Creating prefix script '/home/ubuntu/Agnirath_LVS_Strategy/aarush_ros/src/install/local_setup.sh'
[5.111s] INFO:colcon.colcon_core.shell:Creating prefix util module '/home/ubuntu/Agnirath_LVS_Strategy/aarush_ros/src/install/_local_setup_util_sh.py'
[5.113s] INFO:colcon.colcon_core.shell:Creating prefix chain script '/home/ubuntu/Agnirath_LVS_Strategy/aarush_ros/src/install/setup.sh'
[5.118s] INFO:colcon.colcon_core.shell:Creating prefix script '/home/ubuntu/Agnirath_LVS_Strategy/aarush_ros/src/install/local_setup.bash'
[5.120s] INFO:colcon.colcon_core.shell:Creating prefix chain script '/home/ubuntu/Agnirath_LVS_Strategy/aarush_ros/src/install/setup.bash'
[5.125s] INFO:colcon.colcon_core.shell:Creating prefix script '/home/ubuntu/Agnirath_LVS_Strategy/aarush_ros/src/install/local_setup.zsh'
[5.127s] INFO:colcon.colcon_core.shell:Creating prefix chain script '/home/ubuntu/Agnirath_LVS_Strategy/aarush_ros/src/install/setup.zsh'
