<<<<<<< HEAD
/home/veadesh/Agnirath/Agnirath_LVS_Strategy/aarush_ros/install/gps_package/lib/python3.10/site-packages/gps_package/gps_node copy.py
/home/veadesh/Agnirath/Agnirath_LVS_Strategy/aarush_ros/install/gps_package/lib/python3.10/site-packages/gps_package/__init__.py
/home/veadesh/Agnirath/Agnirath_LVS_Strategy/aarush_ros/install/gps_package/lib/python3.10/site-packages/gps_package/gps_node.py
/home/veadesh/Agnirath/Agnirath_LVS_Strategy/aarush_ros/install/gps_package/lib/python3.10/site-packages/gps_package/__pycache__/gps_node copy.cpython-310.pyc
/home/veadesh/Agnirath/Agnirath_LVS_Strategy/aarush_ros/install/gps_package/lib/python3.10/site-packages/gps_package/__pycache__/__init__.cpython-310.pyc
/home/veadesh/Agnirath/Agnirath_LVS_Strategy/aarush_ros/install/gps_package/lib/python3.10/site-packages/gps_package/__pycache__/gps_node.cpython-310.pyc
/home/veadesh/Agnirath/Agnirath_LVS_Strategy/aarush_ros/install/gps_package/share/ament_index/resource_index/packages/gps_package
/home/veadesh/Agnirath/Agnirath_LVS_Strategy/aarush_ros/install/gps_package/share/gps_package/package.xml
/home/veadesh/Agnirath/Agnirath_LVS_Strategy/aarush_ros/install/gps_package/lib/python3.10/site-packages/gps_package-0.0.0-py3.10.egg-info/SOURCES.txt
/home/veadesh/Agnirath/Agnirath_LVS_Strategy/aarush_ros/install/gps_package/lib/python3.10/site-packages/gps_package-0.0.0-py3.10.egg-info/PKG-INFO
/home/veadesh/Agnirath/Agnirath_LVS_Strategy/aarush_ros/install/gps_package/lib/python3.10/site-packages/gps_package-0.0.0-py3.10.egg-info/requires.txt
/home/veadesh/Agnirath/Agnirath_LVS_Strategy/aarush_ros/install/gps_package/lib/python3.10/site-packages/gps_package-0.0.0-py3.10.egg-info/entry_points.txt
/home/veadesh/Agnirath/Agnirath_LVS_Strategy/aarush_ros/install/gps_package/lib/python3.10/site-packages/gps_package-0.0.0-py3.10.egg-info/top_level.txt
/home/veadesh/Agnirath/Agnirath_LVS_Strategy/aarush_ros/install/gps_package/lib/python3.10/site-packages/gps_package-0.0.0-py3.10.egg-info/zip-safe
/home/veadesh/Agnirath/Agnirath_LVS_Strategy/aarush_ros/install/gps_package/lib/python3.10/site-packages/gps_package-0.0.0-py3.10.egg-info/dependency_links.txt
/home/veadesh/Agnirath/Agnirath_LVS_Strategy/aarush_ros/install/gps_package/lib/gps_package/gps_node
=======
/home/ubuntu/Agnirath_LVS_Strategy/aarush_ros/install/gps_package/lib/python3.10/site-packages/gps_package/__init__.py
/home/ubuntu/Agnirath_LVS_Strategy/aarush_ros/install/gps_package/lib/python3.10/site-packages/gps_package/gps_node.py
/home/ubuntu/Agnirath_LVS_Strategy/aarush_ros/install/gps_package/lib/python3.10/site-packages/gps_package/gps_node copy.py
/home/ubuntu/Agnirath_LVS_Strategy/aarush_ros/install/gps_package/lib/python3.10/site-packages/gps_package/__pycache__/__init__.cpython-310.pyc
/home/ubuntu/Agnirath_LVS_Strategy/aarush_ros/install/gps_package/lib/python3.10/site-packages/gps_package/__pycache__/gps_node.cpython-310.pyc
/home/ubuntu/Agnirath_LVS_Strategy/aarush_ros/install/gps_package/lib/python3.10/site-packages/gps_package/__pycache__/gps_node copy.cpython-310.pyc
/home/ubuntu/Agnirath_LVS_Strategy/aarush_ros/install/gps_package/share/ament_index/resource_index/packages/gps_package
/home/ubuntu/Agnirath_LVS_Strategy/aarush_ros/install/gps_package/share/gps_package/package.xml
/home/ubuntu/Agnirath_LVS_Strategy/aarush_ros/install/gps_package/lib/python3.10/site-packages/gps_package-0.0.0-py3.10.egg-info/PKG-INFO
/home/ubuntu/Agnirath_LVS_Strategy/aarush_ros/install/gps_package/lib/python3.10/site-packages/gps_package-0.0.0-py3.10.egg-info/dependency_links.txt
/home/ubuntu/Agnirath_LVS_Strategy/aarush_ros/install/gps_package/lib/python3.10/site-packages/gps_package-0.0.0-py3.10.egg-info/entry_points.txt
/home/ubuntu/Agnirath_LVS_Strategy/aarush_ros/install/gps_package/lib/python3.10/site-packages/gps_package-0.0.0-py3.10.egg-info/top_level.txt
/home/ubuntu/Agnirath_LVS_Strategy/aarush_ros/install/gps_package/lib/python3.10/site-packages/gps_package-0.0.0-py3.10.egg-info/requires.txt
/home/ubuntu/Agnirath_LVS_Strategy/aarush_ros/install/gps_package/lib/python3.10/site-packages/gps_package-0.0.0-py3.10.egg-info/zip-safe
/home/ubuntu/Agnirath_LVS_Strategy/aarush_ros/install/gps_package/lib/python3.10/site-packages/gps_package-0.0.0-py3.10.egg-info/SOURCES.txt
/home/ubuntu/Agnirath_LVS_Strategy/aarush_ros/install/gps_package/lib/gps_package/gps_node
>>>>>>> origin/Aarush_ros
