[2.582s] Invoking command in '/home/jaay/Agnirath/Agnirath_LVS_Strategy/aarush_ros/src/control_package': PYTHONPATH=/home/jaay/Agnirath/Agnirath_LVS_Strategy/aarush_ros/build/control_package/prefix_override:/home/jaay/Agnirath/Agnirath_LVS_Strategy/aarush_ros/install/control_package/lib/python3.10/site-packages:${PYTHONPATH} /usr/bin/python3 setup.py egg_info --egg-base ../../build/control_package build --build-base /home/jaay/Agnirath/Agnirath_LVS_Strategy/aarush_ros/build/control_package/build install --record /home/jaay/Agnirath/Agnirath_LVS_Strategy/aarush_ros/build/control_package/install.log --single-version-externally-managed
[2.804s] running egg_info
[2.804s] writing ../../build/control_package/control_package.egg-info/PKG-INFO
[2.804s] writing dependency_links to ../../build/control_package/control_package.egg-info/dependency_links.txt
[2.805s] writing entry points to ../../build/control_package/control_package.egg-info/entry_points.txt
[2.805s] writing requirements to ../../build/control_package/control_package.egg-info/requires.txt
[2.805s] writing top-level names to ../../build/control_package/control_package.egg-info/top_level.txt
[2.805s] reading manifest file '../../build/control_package/control_package.egg-info/SOURCES.txt'
[2.806s] adding license file 'LICENSE'
[2.806s] writing manifest file '../../build/control_package/control_package.egg-info/SOURCES.txt'
[2.806s] running build
[2.806s] running build_py
[2.806s] running install
[2.806s] /usr/lib/python3/dist-packages/setuptools/command/install.py:34: SetuptoolsDeprecationWarning: setup.py install is deprecated. Use build and pip and other standards-based tools.
[2.806s]   warnings.warn(
[2.806s] running install_lib
[2.807s] running install_data
[2.808s] running install_egg_info
[2.809s] removing '/home/jaay/Agnirath/Agnirath_LVS_Strategy/aarush_ros/install/control_package/lib/python3.10/site-packages/control_package-0.0.0-py3.10.egg-info' (and everything under it)
[2.809s] Copying ../../build/control_package/control_package.egg-info to /home/jaay/Agnirath/Agnirath_LVS_Strategy/aarush_ros/install/control_package/lib/python3.10/site-packages/control_package-0.0.0-py3.10.egg-info
[2.810s] running install_scripts
[2.832s] Installing control_node script to /home/jaay/Agnirath/Agnirath_LVS_Strategy/aarush_ros/install/control_package/lib/control_package
[2.833s] writing list of installed files to '/home/jaay/Agnirath/Agnirath_LVS_Strategy/aarush_ros/build/control_package/install.log'
[2.881s] Invoked command in '/home/jaay/Agnirath/Agnirath_LVS_Strategy/aarush_ros/src/control_package' returned '0': PYTHONPATH=/home/jaay/Agnirath/Agnirath_LVS_Strategy/aarush_ros/build/control_package/prefix_override:/home/jaay/Agnirath/Agnirath_LVS_Strategy/aarush_ros/install/control_package/lib/python3.10/site-packages:${PYTHONPATH} /usr/bin/python3 setup.py egg_info --egg-base ../../build/control_package build --build-base /home/jaay/Agnirath/Agnirath_LVS_Strategy/aarush_ros/build/control_package/build install --record /home/jaay/Agnirath/Agnirath_LVS_Strategy/aarush_ros/build/control_package/install.log --single-version-externally-managed
